<?xml version="1.0" encoding="UTF-8"?>
<coverage generated="1623747481799" clover="3.2.0">
  <project timestamp="1623747481799" name="All files">
    <metrics statements="27" coveredstatements="23" conditionals="6" coveredconditionals="6" methods="12" coveredmethods="9" elements="45" coveredelements="38" complexity="0" loc="27" ncloc="27" packages="2" files="4" classes="4"/>
    <package name="src">
      <metrics statements="23" coveredstatements="19" conditionals="6" coveredconditionals="6" methods="10" coveredmethods="7"/>
      <file name="ReadAndSpeech.js" path="/Users/arnaud/Lab/ReadAndSpeech/src/ReadAndSpeech.js">
        <metrics statements="20" coveredstatements="16" conditionals="4" coveredconditionals="4" methods="9" coveredmethods="6"/>
        <line num="6" count="5" type="stmt"/>
        <line num="11" count="5" type="cond" truecount="2" falsecount="0"/>
        <line num="12" count="1" type="stmt"/>
        <line num="15" count="4" type="stmt"/>
        <line num="17" count="4" type="stmt"/>
        <line num="18" count="4" type="stmt"/>
        <line num="19" count="4" type="stmt"/>
        <line num="23" count="1" type="stmt"/>
        <line num="25" count="1" type="stmt"/>
        <line num="27" count="1" type="stmt"/>
        <line num="31" count="0" type="stmt"/>
        <line num="33" count="0" type="stmt"/>
        <line num="37" count="1" type="stmt"/>
        <line num="38" count="1" type="stmt"/>
        <line num="40" count="1" type="stmt"/>
        <line num="45" count="0" type="stmt"/>
        <line num="49" count="2" type="cond" truecount="2" falsecount="0"/>
        <line num="50" count="1" type="stmt"/>
        <line num="52" count="2" type="stmt"/>
        <line num="56" count="0" type="stmt"/>
      </file>
      <file name="TextToEmojiParser.js" path="/Users/arnaud/Lab/ReadAndSpeech/src/TextToEmojiParser.js">
        <metrics statements="3" coveredstatements="3" conditionals="2" coveredconditionals="2" methods="1" coveredmethods="1"/>
        <line num="5" count="4" type="cond" truecount="2" falsecount="0"/>
        <line num="6" count="2" type="stmt"/>
        <line num="9" count="2" type="stmt"/>
      </file>
    </package>
    <package name="src.exceptions">
      <metrics statements="4" coveredstatements="4" conditionals="0" coveredconditionals="0" methods="2" coveredmethods="2"/>
      <file name="ReadAndSpeechNotAVoice.js" path="/Users/arnaud/Lab/ReadAndSpeech/src/exceptions/ReadAndSpeechNotAVoice.js">
        <metrics statements="2" coveredstatements="2" conditionals="0" coveredconditionals="0" methods="1" coveredmethods="1"/>
        <line num="3" count="1" type="stmt"/>
        <line num="4" count="1" type="stmt"/>
      </file>
      <file name="ReadAndSpeechNotSupported.js" path="/Users/arnaud/Lab/ReadAndSpeech/src/exceptions/ReadAndSpeechNotSupported.js">
        <metrics statements="2" coveredstatements="2" conditionals="0" coveredconditionals="0" methods="1" coveredmethods="1"/>
        <line num="3" count="1" type="stmt"/>
        <line num="4" count="1" type="stmt"/>
      </file>
    </package>
  </project>
</coverage>
