TN:
SF:src/ReadAndSpeech.js
FN:10,(anonymous_0)
FN:17,(anonymous_1)
FN:22,(anonymous_2)
FN:30,(anonymous_3)
FN:36,(anonymous_4)
FN:44,(anonymous_5)
FN:48,(anonymous_6)
FN:52,(anonymous_7)
FN:55,(anonymous_8)
FNF:9
FNH:6
FNDA:5,(anonymous_0)
FNDA:4,(anonymous_1)
FNDA:1,(anonymous_2)
FNDA:0,(anonymous_3)
FNDA:1,(anonymous_4)
FNDA:0,(anonymous_5)
FNDA:2,(anonymous_6)
FNDA:2,(anonymous_7)
FNDA:0,(anonymous_8)
DA:6,5
DA:11,5
DA:12,1
DA:15,4
DA:17,4
DA:18,4
DA:19,4
DA:23,1
DA:25,1
DA:27,1
DA:31,0
DA:33,0
DA:37,1
DA:38,1
DA:40,1
DA:45,0
DA:49,2
DA:50,1
DA:52,2
DA:56,0
LF:20
LH:16
BRDA:11,0,0,1
BRDA:11,0,1,4
BRDA:49,1,0,1
BRDA:49,1,1,1
BRF:4
BRH:4
end_of_record
TN:
SF:src/TextToEmojiParser.js
FN:4,(anonymous_0)
FNF:1
FNH:1
FNDA:4,(anonymous_0)
DA:5,4
DA:6,2
DA:9,2
LF:3
LH:3
BRDA:5,0,0,2
BRDA:5,0,1,2
BRF:2
BRH:2
end_of_record
TN:
SF:src/exceptions/ReadAndSpeechNotAVoice.js
FN:2,(anonymous_0)
FNF:1
FNH:1
FNDA:1,(anonymous_0)
DA:3,1
DA:4,1
LF:2
LH:2
BRF:0
BRH:0
end_of_record
TN:
SF:src/exceptions/ReadAndSpeechNotSupported.js
FN:2,(anonymous_0)
FNF:1
FNH:1
FNDA:1,(anonymous_0)
DA:3,1
DA:4,1
LF:2
LH:2
BRF:0
BRH:0
end_of_record
